2023-08-03 14:07:54 - root - INFO - Trying to creating directory: dir1
2023-08-03 14:07:54 - root - INFO - Successfully to created directory: dir1
2023-08-03 14:07:54 - root - INFO - Trying to creating directory: dir2
2023-08-03 14:07:54 - root - INFO - Successfully to created directory: dir2
2023-08-03 14:07:54 - root - INFO - Trying to creating directory: dir1/dir1
2023-08-03 14:07:54 - root - INFO - Successfully to created directory: dir1/dir1
2023-08-03 14:07:54 - root - INFO - Trying to creating directory: dir1/dir2
2023-08-03 14:07:54 - root - INFO - Successfully to created directory: dir1/dir2
2023-08-03 14:07:54 - root - INFO - Trying to creating directory: dir2/dir1
2023-08-03 14:07:54 - root - INFO - Successfully to created directory: dir2/dir1
2023-08-03 14:07:54 - root - INFO - Trying to creating directory: dir2/dir2
2023-08-03 14:07:54 - root - INFO - Successfully to created directory: dir2/dir2
2023-08-03 14:08:53 - root - INFO - Trying to creating directory: dir1
2023-08-03 14:08:53 - root - INFO - Successfully to created directory: dir1
2023-08-03 14:08:53 - root - INFO - Trying to creating directory: dir2
2023-08-03 14:08:53 - root - INFO - Successfully to created directory: dir2
2023-08-03 14:08:53 - root - INFO - Trying to creating directory: dir1/dir2/dir1
2023-08-03 14:08:53 - root - INFO - Successfully to created directory: dir1/dir2/dir1
2023-08-03 14:08:53 - root - INFO - Trying to creating directory: dir1/dir2/dir2
2023-08-03 14:08:53 - root - INFO - Successfully to created directory: dir1/dir2/dir2
2023-08-03 14:08:53 - root - INFO - Trying to creating directory: dir2/dir1/dir1
2023-08-03 14:08:53 - root - INFO - Successfully to created directory: dir2/dir1/dir1
2023-08-03 14:08:53 - root - INFO - Trying to creating directory: dir2/dir1/dir2
2023-08-03 14:08:53 - root - INFO - Successfully to created directory: dir2/dir1/dir2
2023-08-03 14:09:22 - root - INFO - Trying to creating directory: dir1
2023-08-03 14:09:22 - root - INFO - Successfully to created directory: dir1
2023-08-03 14:09:22 - root - INFO - Trying to creating directory: dir2
2023-08-03 14:09:22 - root - INFO - Successfully to created directory: dir2
2023-08-03 14:09:22 - root - INFO - Trying to creating directory: dir1/dir2/dir1
2023-08-03 14:09:22 - root - INFO - Successfully to created directory: dir1/dir2/dir1
2023-08-03 14:09:22 - root - INFO - Trying to creating directory: dir1/dir2/dir2
2023-08-03 14:09:22 - root - INFO - Successfully to created directory: dir1/dir2/dir2
2023-08-03 14:09:22 - root - INFO - Trying to creating directory: dir2/dir1/dir1
2023-08-03 14:09:22 - root - INFO - Successfully to created directory: dir2/dir1/dir1
2023-08-03 14:09:22 - root - INFO - Trying to creating directory: dir2/dir1/dir2
2023-08-03 14:09:22 - root - INFO - Successfully to created directory: dir2/dir1/dir2
2023-08-03 14:17:38 - root - INFO - Trying to creating directory: dir1
2023-08-03 14:17:38 - root - INFO - Successfully to created directory: dir1
2023-08-03 14:17:38 - root - INFO - Trying to creating directory: dir2
2023-08-03 14:17:38 - root - INFO - Successfully to created directory: dir2
2023-08-03 14:17:38 - root - INFO - Trying to creating directory: dir1/dir2/dir1
2023-08-03 14:17:38 - root - INFO - Successfully to created directory: dir1/dir2/dir1
2023-08-03 14:17:38 - root - INFO - Trying to creating directory: dir1/dir2/dir2
2023-08-03 14:17:38 - root - INFO - Successfully to created directory: dir1/dir2/dir2
2023-08-03 14:17:38 - root - INFO - Trying to creating directory: dir2/dir1/dir1
2023-08-03 14:17:38 - root - INFO - Successfully to created directory: dir2/dir1/dir1
2023-08-03 14:17:38 - root - INFO - Trying to creating directory: dir2/dir1/dir2
2023-08-03 14:17:38 - root - INFO - Successfully to created directory: dir2/dir1/dir2
2023-08-03 14:17:47 - root - INFO - Trying to creating directory: dir1
2023-08-03 14:17:47 - root - INFO - Successfully to created directory: dir1
2023-08-03 14:17:47 - root - INFO - Trying to creating directory: dir2
2023-08-03 14:17:47 - root - INFO - Successfully to created directory: dir2
2023-08-03 14:17:47 - root - INFO - Trying to creating directory: dir1/dir2/dir1
2023-08-03 14:17:47 - root - INFO - Successfully to created directory: dir1/dir2/dir1
2023-08-03 14:17:47 - root - INFO - Trying to creating directory: dir1/dir2/dir2
2023-08-03 14:17:47 - root - INFO - Successfully to created directory: dir1/dir2/dir2
2023-08-03 14:29:15 - root - INFO - Trying to copy directory from: ./dir1 to: ./dotfiles/backup
2023-08-03 14:29:15 - root - ERROR - [Errno 17] File exists: './dotfiles/backup'
2023-08-03 14:29:15 - root - INFO - Trying to copy directory from: ./dir2 to: ./dotfiles/backup/dir1/
2023-08-03 14:29:15 - root - INFO - Successfully to copy directory from: ./dir2 to: ./dotfiles/backup/dir1/
2023-08-03 14:30:23 - root - INFO - Trying to copy directory from: ./dir1 to: ./dotfiles/backup
2023-08-03 14:30:23 - root - INFO - Successfully to copy directory from: ./dir1 to: ./dotfiles/backup
2023-08-03 14:30:23 - root - INFO - Trying to copy directory from: ./dir2 to: ./dotfiles/backup
2023-08-03 14:30:23 - root - INFO - Successfully to copy directory from: ./dir2 to: ./dotfiles/backup
